{
  "RSpec": {
    "coverage": {
      "/Users/ulysses/workshop, proudcloud/workbench/projects/proudcloud/gameworks/GwxTokenDepot/app/controllers/api/v1/top_up_transactions_controller.rb": [
        1,
        null,
        1,
        0,
        0,
        0,
        null,
        0,
        null,
        null,
        null,
        1,
        null,
        null,
        null,
        1,
        0,
        0,
        0,
        null,
        0,
        null,
        null,
        null,
        1,
        null,
        1,
        0,
        null,
        null,
        null,
        null,
        null
      ],
      "/Users/ulysses/workshop, proudcloud/workbench/projects/proudcloud/gameworks/GwxTokenDepot/app/controllers/api/v1/base_controller.rb": [
        1,
        null,
        1,
        0,
        null,
        null,
        1,
        0,
        null,
        null,
        1,
        0,
        null,
        null,
        null
      ],
      "/Users/ulysses/workshop, proudcloud/workbench/projects/proudcloud/gameworks/GwxTokenDepot/app/controllers/application_controller.rb": [
        1,
        null
      ],
      "/Users/ulysses/workshop, proudcloud/workbench/projects/proudcloud/gameworks/GwxTokenDepot/app/mailers/application_mailer.rb": [
        0,
        0,
        0,
        0
      ],
      "/Users/ulysses/workshop, proudcloud/workbench/projects/proudcloud/gameworks/GwxTokenDepot/app/models/application_record.rb": [
        0,
        0,
        0
      ],
      "/Users/ulysses/workshop, proudcloud/workbench/projects/proudcloud/gameworks/GwxTokenDepot/app/models/top_up_transaction.rb": [
        0,
        null,
        0,
        null,
        0,
        null,
        0,
        null,
        0,
        0,
        0,
        0,
        0,
        0,
        null,
        0,
        0,
        null,
        0,
        0,
        0,
        null,
        0,
        0,
        0,
        0,
        null,
        0,
        0,
        null,
        0,
        0,
        0,
        null,
        0,
        0,
        0,
        0,
        null,
        0,
        0,
        0,
        null,
        0,
        0,
        0,
        null,
        0,
        0,
        0,
        0,
        null,
        0,
        0,
        0,
        0,
        0,
        0,
        0,
        0,
        0,
        0,
        0,
        0,
        0,
        0,
        null,
        0,
        0,
        null,
        0
      ],
      "/Users/ulysses/workshop, proudcloud/workbench/projects/proudcloud/gameworks/GwxTokenDepot/app/presenters/api/v1/base_presenter.rb": [
        0,
        0
      ],
      "/Users/ulysses/workshop, proudcloud/workbench/projects/proudcloud/gameworks/GwxTokenDepot/app/serializers/top_up_transaction_serializer.rb": [
        0,
        null,
        0,
        null,
        0,
        0,
        0,
        0,
        0,
        0,
        0,
        null,
        0,
        0,
        0,
        null,
        0
      ],
      "/Users/ulysses/workshop, proudcloud/workbench/projects/proudcloud/gameworks/GwxTokenDepot/app/jobs/application_job.rb": [
        0,
        0
      ],
      "/Users/ulysses/workshop, proudcloud/workbench/projects/proudcloud/gameworks/GwxTokenDepot/app/channels/application_cable/connection.rb": [
        0,
        0,
        0,
        0
      ],
      "/Users/ulysses/workshop, proudcloud/workbench/projects/proudcloud/gameworks/GwxTokenDepot/app/channels/application_cable/channel.rb": [
        0,
        0,
        0,
        0
      ],
      "/Users/ulysses/workshop, proudcloud/workbench/projects/proudcloud/gameworks/GwxTokenDepot/lib/Sandbox.rb": [
        0,
        null,
        0,
        0,
        0,
        0,
        0,
        0,
        0,
        0,
        0,
        0,
        0,
        null,
        0,
        null,
        0,
        null,
        null,
        0,
        0,
        null,
        0,
        0,
        0,
        0,
        0,
        0,
        0,
        0,
        0,
        0,
        0,
        0,
        null,
        0,
        0,
        0,
        0,
        0,
        null,
        0,
        0,
        0,
        0,
        0,
        0,
        0,
        0,
        null,
        null,
        null,
        null,
        null,
        null,
        0,
        null,
        0,
        0,
        null,
        0,
        null,
        0,
        null,
        0,
        0,
        0,
        0,
        null,
        0,
        0,
        0,
        0,
        0,
        null,
        0,
        0,
        0,
        0,
        null,
        0,
        0,
        null,
        0,
        null,
        0,
        0,
        0,
        0,
        0,
        0,
        0,
        0,
        0,
        0,
        0,
        0,
        null,
        0,
        0,
        0,
        0,
        null,
        0,
        0,
        null,
        null,
        0,
        null,
        null,
        0,
        0,
        0,
        0,
        0,
        0,
        0,
        0,
        0,
        0,
        0,
        0,
        0,
        null,
        0
      ]
    },
    "timestamp": 1561014369
  }
}
