{
  "RSpec": {
    "coverage": {
      "/Users/ulysses/workshop, proudcloud/workbench/projects/proudcloud/gameworks/GwxTokenDepot /GwxTokenDepot/app/controllers/api/v1/top_up_transactions_controller.rb": [
        1,
        null,
        1,
        0,
        0,
        0,
        null,
        0,
        null,
        null,
        null,
        1,
        3,
        3,
        null,
        3,
        3,
        null,
        3,
        null,
        0,
        null,
        null,
        null,
        1,
        0,
        0,
        0,
        null,
        0,
        null,
        null,
        null,
        3,
        null,
        2,
        0,
        0,
        null,
        2,
        2,
        null,
        2,
        null,
        null,
        null,
        null,
        2,
        null,
        1,
        0,
        0,
        null,
        1,
        1,
        null,
        1,
        null,
        null,
        null,
        null,
        1,
        null,
        0,
        0,
        0,
        null,
        0,
        0,
        null,
        0,
        null,
        null,
        null,
        1,
        null,
        1,
        3,
        null,
        null,
        null,
        null,
        null,
        null
      ],
      "/Users/ulysses/workshop, proudcloud/workbench/projects/proudcloud/gameworks/GwxTokenDepot /GwxTokenDepot/app/controllers/api/v1/base_controller.rb": [
        1,
        null,
        1,
        0,
        null,
        null,
        1,
        6,
        null,
        null,
        1,
        0,
        null,
        null,
        null
      ],
      "/Users/ulysses/workshop, proudcloud/workbench/projects/proudcloud/gameworks/GwxTokenDepot /GwxTokenDepot/app/controllers/application_controller.rb": [
        1,
        null
      ],
      "/Users/ulysses/workshop, proudcloud/workbench/projects/proudcloud/gameworks/GwxTokenDepot /GwxTokenDepot/app/models/top_up_transaction.rb": [
        1,
        null,
        1,
        null,
        1,
        null,
        1,
        1,
        1,
        1,
        null,
        1,
        null,
        1,
        null,
        1,
        1,
        1,
        1,
        1,
        null,
        4,
        null,
        1,
        null,
        1,
        1,
        1,
        1,
        1,
        1,
        1,
        null,
        1,
        1,
        null,
        1,
        3,
        3,
        null,
        0,
        null,
        0,
        null,
        3,
        null,
        null,
        null,
        1,
        null,
        null,
        null,
        1,
        1,
        null,
        1,
        3,
        null,
        null,
        1,
        null,
        3,
        null,
        null,
        null,
        1,
        1,
        null,
        1,
        null,
        0,
        null,
        null,
        null,
        1,
        1,
        null,
        1,
        null,
        0,
        null,
        null,
        null,
        1,
        1,
        null,
        1,
        null,
        null,
        null,
        1,
        0,
        null,
        null,
        0,
        null,
        null,
        null,
        null,
        0,
        null,
        0,
        null,
        0,
        null,
        0,
        null,
        null,
        null,
        1,
        1,
        null,
        1,
        null,
        null,
        1,
        0,
        0,
        0,
        null,
        0,
        0,
        0,
        0,
        0,
        0,
        null,
        null,
        null,
        null,
        null,
        1,
        3,
        null,
        0,
        null,
        null,
        3,
        null,
        0,
        null,
        0,
        null,
        0,
        null,
        0,
        null,
        0,
        null,
        null,
        3,
        null,
        null,
        4,
        null,
        null,
        3,
        3,
        null,
        0,
        0,
        null,
        0,
        null,
        null,
        null,
        1,
        0,
        null,
        null
      ],
      "/Users/ulysses/workshop, proudcloud/workbench/projects/proudcloud/gameworks/GwxTokenDepot /GwxTokenDepot/app/models/application_record.rb": [
        1,
        1,
        null
      ],
      "/Users/ulysses/workshop, proudcloud/workbench/projects/proudcloud/gameworks/GwxTokenDepot /GwxTokenDepot/app/services/btc_util_service.rb": [
        1,
        null,
        1,
        null,
        1,
        1,
        1,
        null,
        1,
        null,
        1,
        null,
        2,
        2,
        null,
        2,
        2,
        null,
        1,
        null,
        null,
        1,
        null,
        null,
        1,
        null,
        null,
        1,
        null,
        1,
        null,
        null,
        1,
        null,
        null,
        1,
        null,
        null,
        null,
        2,
        null,
        2,
        null,
        null,
        2,
        null,
        null,
        1,
        null,
        null,
        0,
        0,
        0,
        null,
        0,
        0,
        0,
        0,
        null,
        0,
        null,
        null,
        0,
        null,
        null,
        0,
        0,
        0,
        0,
        null,
        0,
        null,
        0,
        0,
        null,
        0,
        null,
        null,
        null,
        1,
        2,
        null,
        null,
        2,
        null,
        null,
        2,
        null,
        null,
        2,
        2,
        null,
        2,
        null,
        null,
        1,
        null,
        2,
        null,
        2,
        null,
        null,
        null
      ],
      "/Users/ulysses/workshop, proudcloud/workbench/projects/proudcloud/gameworks/GwxTokenDepot /GwxTokenDepot/app/services/base_util_service.rb": [
        1,
        null,
        1,
        0,
        null,
        null,
        null
      ],
      "/Users/ulysses/workshop, proudcloud/workbench/projects/proudcloud/gameworks/GwxTokenDepot /GwxTokenDepot/app/workers/btc_transaction_worker.rb": [
        1,
        null,
        1,
        1,
        null,
        1,
        null,
        null,
        0,
        null,
        0,
        null,
        null,
        null
      ],
      "/Users/ulysses/workshop, proudcloud/workbench/projects/proudcloud/gameworks/GwxTokenDepot /GwxTokenDepot/app/workers/transaction_worker_util.rb": [
        1,
        null,
        1,
        null,
        0,
        0,
        0,
        0,
        null,
        0,
        0,
        null,
        0,
        null,
        null,
        0,
        null,
        null,
        0,
        0,
        null,
        null,
        0,
        null,
        0,
        null,
        0,
        0,
        0,
        0,
        null,
        0,
        0,
        null,
        null,
        0,
        null,
        0,
        null,
        0,
        0,
        0,
        0,
        0,
        null,
        0,
        0,
        null,
        null,
        0,
        0,
        null,
        null,
        0,
        0,
        0,
        0,
        null,
        0,
        0,
        null,
        null,
        0,
        null,
        null,
        0,
        0,
        0,
        0,
        null,
        0,
        0,
        null,
        0,
        null,
        null,
        null,
        null
      ],
      "/Users/ulysses/workshop, proudcloud/workbench/projects/proudcloud/gameworks/GwxTokenDepot /GwxTokenDepot/app/serializers/top_up_transaction_serializer.rb": [
        1,
        null,
        1,
        null,
        1,
        3,
        null,
        null,
        1,
        null,
        null,
        null,
        null,
        null,
        null,
        null,
        null,
        null,
        null,
        null,
        null,
        1,
        3,
        null,
        null,
        null
      ],
      "/Users/ulysses/workshop, proudcloud/workbench/projects/proudcloud/gameworks/GwxTokenDepot /GwxTokenDepot/app/services/xem_util_service.rb": [
        1,
        null,
        1,
        null,
        1,
        null,
        1,
        1,
        null,
        1,
        1,
        null,
        1,
        null,
        1,
        null,
        null,
        1,
        0,
        null,
        0,
        null,
        null,
        1,
        1,
        null,
        null,
        1,
        null,
        null,
        1,
        null,
        null,
        1,
        1,
        null,
        1,
        null,
        null,
        1,
        1,
        null,
        1,
        null,
        null,
        null
      ],
      "/Users/ulysses/workshop, proudcloud/workbench/projects/proudcloud/gameworks/GwxTokenDepot /GwxTokenDepot/app/services/nem_service.rb": [
        1,
        1,
        null,
        1,
        1,
        null,
        1,
        null,
        null,
        null,
        null,
        1,
        null,
        1,
        1,
        0,
        null,
        null,
        null,
        null,
        null,
        null,
        null,
        null,
        null,
        null,
        null,
        null,
        null,
        null,
        1,
        null,
        null,
        null,
        null,
        null,
        null,
        null,
        null,
        null,
        null,
        1,
        null,
        1,
        1,
        1,
        1,
        null,
        null,
        1,
        0,
        0,
        0,
        0,
        null,
        0,
        0,
        null,
        0,
        0,
        null,
        null,
        null,
        null,
        1,
        0,
        0,
        0,
        0,
        null,
        0,
        0,
        null,
        0,
        0,
        null,
        null,
        null,
        0,
        null,
        null,
        1,
        null,
        1,
        2,
        null,
        null,
        1,
        3,
        null,
        null,
        1,
        1,
        1,
        1,
        null,
        1,
        null,
        1,
        1,
        null,
        1,
        null,
        null,
        null,
        null,
        null,
        null,
        null
      ],
      "/Users/ulysses/workshop, proudcloud/workbench/projects/proudcloud/gameworks/GwxTokenDepot /GwxTokenDepot/app/services/ed25519.rb": [
        1,
        null,
        null,
        1,
        1,
        1,
        1,
        null,
        1,
        1,
        1,
        null,
        null,
        1,
        192251,
        null,
        191500,
        191500,
        191500,
        null,
        null,
        1,
        749,
        null,
        null,
        1,
        1,
        1,
        1,
        1,
        1,
        null,
        null,
        1,
        373,
        373,
        373,
        373,
        373,
        373,
        373,
        null,
        null,
        1,
        256,
        null,
        255,
        255,
        255,
        255,
        null,
        null,
        1,
        0,
        0,
        null,
        null,
        1,
        1,
        1,
        256,
        289,
        null,
        null,
        1,
        251,
        null,
        null,
        1,
        1,
        252,
        1,
        1,
        null,
        null,
        1,
        0,
        0,
        null,
        null,
        1,
        0,
        0,
        0,
        0,
        0,
        0,
        null,
        null,
        1,
        0,
        0,
        0,
        null,
        null,
        1,
        0,
        null,
        null,
        1,
        0,
        0,
        0,
        0,
        0,
        null,
        0,
        null,
        null,
        1,
        0,
        0,
        null,
        0,
        0,
        0,
        0,
        0,
        null,
        null,
        null,
        1,
        1,
        1,
        1,
        1,
        null
      ],
      "/Users/ulysses/workshop, proudcloud/workbench/projects/proudcloud/gameworks/GwxTokenDepot /GwxTokenDepot/app/workers/xem_transaction_worker.rb": [
        1,
        null,
        1,
        null,
        1,
        null,
        0,
        null,
        0,
        0,
        0,
        null,
        null,
        0,
        null,
        0,
        null,
        null,
        0,
        null,
        null,
        0,
        null,
        0,
        null,
        0,
        0,
        0,
        0,
        0,
        null,
        0,
        null,
        0,
        0,
        0,
        0,
        0,
        null,
        null,
        0,
        0,
        null,
        null,
        0,
        0,
        0,
        0,
        0,
        null,
        null,
        0,
        0,
        0,
        0,
        0,
        null,
        null,
        null,
        null,
        null,
        null
      ],
      "/Users/ulysses/workshop, proudcloud/workbench/projects/proudcloud/gameworks/GwxTokenDepot /GwxTokenDepot/app/mailers/application_mailer.rb": [
        0,
        0,
        0,
        0
      ],
      "/Users/ulysses/workshop, proudcloud/workbench/projects/proudcloud/gameworks/GwxTokenDepot /GwxTokenDepot/app/models/real_time_rate.rb": [
        0,
        null,
        null,
        null,
        0
      ],
      "/Users/ulysses/workshop, proudcloud/workbench/projects/proudcloud/gameworks/GwxTokenDepot /GwxTokenDepot/app/presenters/api/v1/base_presenter.rb": [
        0,
        0
      ],
      "/Users/ulysses/workshop, proudcloud/workbench/projects/proudcloud/gameworks/GwxTokenDepot /GwxTokenDepot/app/serializers/real_time_rate_serializer.rb": [
        0,
        null,
        0,
        null,
        0,
        0,
        0,
        0,
        0
      ],
      "/Users/ulysses/workshop, proudcloud/workbench/projects/proudcloud/gameworks/GwxTokenDepot /GwxTokenDepot/app/workers/gwx_transaction_worker.rb": [
        0,
        null,
        0,
        null,
        0,
        0,
        0,
        null,
        0,
        0,
        null,
        0,
        0,
        0,
        0
      ],
      "/Users/ulysses/workshop, proudcloud/workbench/projects/proudcloud/gameworks/GwxTokenDepot /GwxTokenDepot/app/workers/eth_transaction_worker.rb": [
        0,
        null,
        0,
        null,
        0,
        null,
        0,
        null,
        0,
        0,
        0,
        null,
        null,
        0,
        null,
        0,
        null,
        null,
        0,
        null,
        null,
        0,
        null,
        0,
        null,
        0,
        0,
        0,
        0,
        0,
        null,
        0,
        null,
        0,
        0,
        0,
        0,
        0,
        null,
        null,
        0,
        0,
        0,
        null,
        0,
        0,
        0,
        0,
        0,
        0,
        0,
        0,
        0,
        0,
        0,
        0,
        0,
        0,
        null,
        0
      ],
      "/Users/ulysses/workshop, proudcloud/workbench/projects/proudcloud/gameworks/GwxTokenDepot /GwxTokenDepot/app/jobs/application_job.rb": [
        0,
        0
      ],
      "/Users/ulysses/workshop, proudcloud/workbench/projects/proudcloud/gameworks/GwxTokenDepot /GwxTokenDepot/app/controllers/api/v1/real_time_rates_controller.rb": [
        0,
        0,
        null,
        0,
        0,
        0,
        0,
        0,
        0,
        null,
        0,
        0,
        0,
        0,
        0,
        0,
        0,
        0,
        0,
        0,
        0,
        0,
        0,
        null,
        null,
        0,
        0,
        0,
        null,
        0
      ],
      "/Users/ulysses/workshop, proudcloud/workbench/projects/proudcloud/gameworks/GwxTokenDepot /GwxTokenDepot/app/services/gwx_cashier_lib.rb": [
        0,
        null,
        0,
        0,
        0,
        0,
        0,
        0,
        0,
        0,
        0,
        0,
        0,
        0,
        0,
        0,
        0,
        0,
        0,
        0,
        0,
        0,
        0,
        0,
        0,
        0,
        0,
        0,
        0,
        0,
        0,
        null,
        0,
        null,
        0,
        0,
        0,
        0,
        0,
        0,
        null,
        0,
        0,
        null,
        0,
        null,
        0,
        0,
        0,
        null,
        0,
        0,
        null,
        0,
        null,
        null,
        0,
        0,
        0,
        null,
        null,
        0,
        0,
        0,
        0,
        0,
        0,
        null,
        null,
        0,
        0,
        0,
        0,
        0,
        0,
        0,
        0,
        0,
        null,
        null,
        0,
        0,
        null,
        null,
        0,
        0,
        0,
        0,
        0,
        null,
        null,
        0,
        null,
        0,
        0,
        0,
        null,
        null,
        0,
        0,
        0,
        0,
        0,
        0,
        0,
        0,
        0,
        0,
        0,
        0,
        0,
        0,
        0,
        0,
        0,
        0,
        0,
        0,
        0,
        0,
        0,
        null,
        0,
        0,
        null,
        0,
        0,
        0,
        null,
        0,
        null,
        0,
        0,
        0,
        null,
        0,
        0,
        0,
        0,
        0,
        null,
        0,
        null,
        null,
        0,
        0,
        null,
        null,
        0,
        null,
        0,
        0,
        null,
        0,
        null,
        0,
        0,
        null,
        null,
        0,
        0,
        0,
        0,
        0,
        0,
        0,
        0,
        0,
        0,
        0,
        0,
        0,
        0,
        0,
        0,
        0,
        0,
        0,
        0,
        0,
        0,
        null,
        null,
        null,
        null,
        0,
        0,
        0,
        0,
        null,
        0,
        0,
        0,
        null,
        null,
        null,
        0,
        null,
        0
      ],
      "/Users/ulysses/workshop, proudcloud/workbench/projects/proudcloud/gameworks/GwxTokenDepot /GwxTokenDepot/app/services/eth_util_service.rb": [
        0,
        null,
        0,
        null,
        0,
        0,
        null,
        0,
        null,
        0,
        null,
        0,
        0,
        null,
        0,
        null,
        null,
        0,
        0,
        0,
        0,
        0,
        null,
        0,
        null,
        null,
        0,
        null,
        0,
        null,
        null,
        0,
        0,
        null,
        null,
        0,
        null,
        null,
        0,
        null,
        null,
        0,
        null,
        null,
        0,
        0,
        null,
        0,
        null,
        0,
        null,
        0,
        null,
        null,
        0,
        null,
        null,
        0,
        null,
        null,
        0,
        0,
        null,
        0,
        0,
        0,
        0,
        0,
        0,
        null,
        0,
        0,
        null,
        null,
        0,
        null,
        null,
        0,
        null,
        null,
        0,
        0,
        null,
        0,
        0,
        null,
        0,
        null,
        0,
        null,
        0,
        0,
        null,
        0
      ],
      "/Users/ulysses/workshop, proudcloud/workbench/projects/proudcloud/gameworks/GwxTokenDepot /GwxTokenDepot/app/services/gwx_cashier_client.rb": [
        0,
        0,
        0,
        null,
        0,
        0,
        0,
        0,
        null,
        0,
        0,
        0,
        0,
        0
      ],
      "/Users/ulysses/workshop, proudcloud/workbench/projects/proudcloud/gameworks/GwxTokenDepot /GwxTokenDepot/app/channels/application_cable/connection.rb": [
        0,
        0,
        0,
        0
      ],
      "/Users/ulysses/workshop, proudcloud/workbench/projects/proudcloud/gameworks/GwxTokenDepot /GwxTokenDepot/app/channels/application_cable/channel.rb": [
        0,
        0,
        0,
        0
      ],
      "/Users/ulysses/workshop, proudcloud/workbench/projects/proudcloud/gameworks/GwxTokenDepot /GwxTokenDepot/lib/sandbox.rb": [
        0,
        0,
        null,
        0,
        null,
        0,
        0,
        null,
        0,
        0,
        0,
        null,
        0,
        0,
        0,
        0,
        0,
        null,
        0,
        0,
        0,
        null,
        0,
        0,
        0,
        null,
        0,
        0,
        0,
        null,
        0,
        0,
        0,
        null,
        0,
        0,
        0,
        null,
        0,
        0,
        0,
        0,
        null,
        0,
        0,
        0,
        null,
        0,
        0,
        0,
        null,
        0,
        0,
        0,
        null,
        0,
        0,
        0,
        null,
        null,
        null,
        null,
        null,
        null,
        0,
        0,
        0,
        0,
        0,
        0,
        0,
        0,
        null,
        null,
        null,
        null,
        0,
        0,
        0,
        null,
        0,
        0,
        0,
        null,
        0,
        0,
        null,
        0,
        0,
        null,
        0,
        0,
        0,
        0,
        null,
        0,
        0,
        null,
        0,
        null,
        0,
        0,
        null,
        null,
        null,
        null,
        0,
        0,
        0,
        null,
        0,
        0,
        0,
        0,
        null,
        null,
        null,
        null,
        null,
        null,
        0,
        null,
        null,
        0,
        0,
        0,
        0,
        null,
        null,
        0,
        0,
        null,
        0,
        null,
        null,
        0,
        0,
        null,
        null,
        0,
        null,
        null,
        0,
        0,
        0,
        0,
        0,
        null,
        null,
        0,
        0,
        null,
        0,
        0,
        null,
        0,
        0,
        null,
        0,
        0,
        null,
        0,
        0,
        0,
        null,
        0,
        0,
        0,
        0,
        0,
        0,
        null,
        0,
        0,
        null,
        0,
        0,
        0,
        0,
        0,
        null,
        0,
        0,
        null,
        0
      ]
    },
    "timestamp": 1568360417
  }
}
